Log file open, 03/31/19 14:13:42
LogWindows: Failed to load 'aqProf.dll' (GetLastError=126)
LogWindows: File 'aqProf.dll' does not exist
LogWindows: Failed to load 'VSPerf140.dll' (GetLastError=126)
LogWindows: File 'VSPerf140.dll' does not exist
LogWindows: Failed to load 'VtuneApi.dll' (GetLastError=126)
LogWindows: File 'VtuneApi.dll' does not exist
LogWindows: Failed to load 'VtuneApi32e.dll' (GetLastError=126)
LogWindows: File 'VtuneApi32e.dll' does not exist
LogInit: Display: Running engine for game: PrettyScenery
LogPlatformFile: Not using cached read wrapper
LogTaskGraph: Started task graph with 5 named threads and 14 total threads with 3 sets of task threads.
LogStats: Stats thread started at 5.724492
LogD3D11RHI: Loaded GFSDK_Aftermath_Lib.x64.dll
LogICUInternationalization: Display: ICU TimeZone Detection - Raw Offset: -6:00, Platform Override: ''
LogPluginManager: Mounting plugin Paper2D
LogPluginManager: Mounting plugin AISupport
LogPluginManager: Mounting plugin LightPropagationVolume
LogPluginManager: Mounting plugin CLionSourceCodeAccess
LogPluginManager: Mounting plugin CodeLiteSourceCodeAccess
LogPluginManager: Mounting plugin GitSourceControl
LogPluginManager: Mounting plugin KDevelopSourceCodeAccess
LogPluginManager: Mounting plugin NullSourceCodeAccess
LogPluginManager: Mounting plugin PerforceSourceControl
LogPluginManager: Mounting plugin SubversionSourceControl
LogPluginManager: Mounting plugin UObjectPlugin
LogPluginManager: Mounting plugin VisualStudioCodeSourceCodeAccess
LogPluginManager: Mounting plugin VisualStudioSourceCodeAccess
LogPluginManager: Mounting plugin XCodeSourceCodeAccess
LogPluginManager: Mounting plugin AssetManagerEditor
LogPluginManager: Mounting plugin CryptoKeys
LogPluginManager: Mounting plugin DataValidation
LogPluginManager: Mounting plugin FacialAnimation
LogPluginManager: Mounting plugin GameplayTagsEditor
LogPluginManager: Mounting plugin MacGraphicsSwitching
LogPluginManager: Mounting plugin MeshEditor
LogPluginManager: Mounting plugin MobileLauncherProfileWizard
LogPluginManager: Mounting plugin PluginBrowser
LogPluginManager: Mounting plugin SpeedTreeImporter
LogPluginManager: Mounting plugin DatasmithContent
LogPluginManager: Mounting plugin AlembicImporter
LogPluginManager: Mounting plugin AppleImageUtils
LogPluginManager: Mounting plugin AppleVision
LogPluginManager: Mounting plugin BackChannel
LogPluginManager: Mounting plugin CharacterAI
LogPluginManager: Mounting plugin GeometryCache
LogPluginManager: Mounting plugin HTML5Networking
LogPluginManager: Mounting plugin ProxyLODPlugin
LogPluginManager: Mounting plugin MagicLeap
LogPluginManager: Mounting plugin MagicLeapEmulator
LogPluginManager: Mounting plugin MagicLeapMedia
LogPluginManager: Mounting plugin AndroidMedia
LogPluginManager: Mounting plugin AvfMedia
LogPluginManager: Mounting plugin ImgMedia
LogPluginManager: Mounting plugin LinearTimecode
LogPluginManager: Mounting plugin MediaCompositing
LogPluginManager: Mounting plugin MediaPlayerEditor
LogPluginManager: Mounting plugin WmfMedia
LogPluginManager: Mounting plugin TcpMessaging
LogPluginManager: Mounting plugin UdpMessaging
LogPluginManager: Mounting plugin ActorSequence
LogPluginManager: Mounting plugin LevelSequenceEditor
LogPluginManager: Mounting plugin MatineeToLevelSequence
LogPluginManager: Mounting plugin NetcodeUnitTest
LogPluginManager: Mounting plugin NUTUnrealEngine4
LogPluginManager: Mounting plugin OnlineSubsystemGooglePlay
LogPluginManager: Mounting plugin OnlineSubsystemIOS
LogPluginManager: Mounting plugin OnlineSubsystem
LogPluginManager: Mounting plugin OnlineSubsystemNull
LogPluginManager: Mounting plugin OnlineSubsystemUtils
LogPluginManager: Mounting plugin LauncherChunkInstaller
LogPluginManager: Mounting plugin AndroidDeviceProfileSelector
LogPluginManager: Mounting plugin AndroidMoviePlayer
LogPluginManager: Mounting plugin AndroidPermission
LogPluginManager: Mounting plugin AppleMoviePlayer
LogPluginManager: Mounting plugin ArchVisCharacter
LogPluginManager: Mounting plugin AudioCapture
LogPluginManager: Mounting plugin CableComponent
LogPluginManager: Mounting plugin CustomMeshComponent
LogPluginManager: Mounting plugin EditableMesh
LogPluginManager: Mounting plugin ExampleDeviceProfileSelector
LogPluginManager: Mounting plugin GoogleCloudMessaging
LogPluginManager: Mounting plugin ImmediatePhysics
LogPluginManager: Mounting plugin IOSDeviceProfileSelector
LogPluginManager: Mounting plugin LinuxDeviceProfileSelector
LogPluginManager: Mounting plugin LocationServicesBPLibrary
LogPluginManager: Mounting plugin MobilePatchingUtils
LogPluginManager: Mounting plugin OculusVR
LogPluginManager: Plugin shader directory ../../../Engine/Plugins/Runtime/Oculus/OculusVR/Shaders found
LogPluginManager: Mapping shader source directory ../../../Engine/Plugins/Runtime/Oculus/OculusVR/Shaders to virtual directory /Plugin/OculusVR
LogPluginManager: Mounting plugin PhysXVehicles
LogPluginManager: Mounting plugin ProceduralMeshComponent
LogPluginManager: Mounting plugin RuntimePhysXCooking
LogPluginManager: Mounting plugin SteamVR
LogPluginManager: Mounting plugin WindowsMoviePlayer
LogStreaming: Display: Took  0.316s to configure plugins.
LogInit: Using libcurl 7.55.1-DEV
LogInit:  - built for x86_64-pc-win32
LogInit:  - supports SSL with OpenSSL/1.0.2h
LogInit:  - supports HTTP deflate (compression) using libz 1.2.8
LogInit:  - other features:
LogInit:      CURL_VERSION_SSL
LogInit:      CURL_VERSION_LIBZ
LogInit:      CURL_VERSION_IPV6
LogInit:      CURL_VERSION_ASYNCHDNS
LogInit:      CURL_VERSION_LARGEFILE
LogInit:      CURL_VERSION_IDN
LogInit:  CurlRequestOptions (configurable via config and command line):
LogInit:  - bVerifyPeer = false  - Libcurl will NOT verify peer certificate
LogInit:  - bUseHttpProxy = false  - Libcurl will NOT use HTTP proxy
LogInit:  - bDontReuseConnections = false  - Libcurl will reuse connections
LogInit:  - CertBundlePath = nullptr  - Libcurl will use whatever was configured at build time.
LogInit:  - MaxHostConnections = 16  - Libcurl will limit the number of connections to a host
LogInit:  - LocalHostAddr = Default
LogInit:  - BufferSize = 65536
LogInit: WinSock: version 1.1 (2.2), MaxSocks=32767, MaxUdp=65467
LogInit: Build: ++UE4+Release-4.20-CL-4233996
LogInit: Engine Version: 4.20.1-4233996+++UE4+Release-4.20
LogInit: Compatible Engine Version: 4.20.0-4212847+++UE4+Release-4.20
LogInit: Net CL: 4212847
LogInit: OS: Windows 10 (), CPU: Intel(R) Core(TM) i5-7400 CPU @ 3.00GHz, GPU: NVIDIA GeForce GTX 1060 3GB
LogInit: Compiled (64-bit): Jul 26 2018 10:07:30
LogInit: Compiled with Visual C++: 19.13.26129.00
LogInit: Build Configuration: Development
LogInit: Branch Name: ++UE4+Release-4.20
LogInit: Command Line: 
LogInit: Base Directory: C:/Program Files/Epic Games/UE_4.20/Engine/Binaries/Win64/
LogInit: Installed Engine Build: 1
LogDevObjectVersion: Number of dev versions registered: 20
LogDevObjectVersion:   Dev-Blueprints (B0D832E4-1F89-4F0D-ACCF-7EB736FD4AA2): 10
LogDevObjectVersion:   Dev-Build (E1C64328-A22C-4D53-A36C-8E866417BD8C): 0
LogDevObjectVersion:   Dev-Core (375EC13C-06E4-48FB-B500-84F0262A717E): 2
LogDevObjectVersion:   Dev-Editor (E4B068ED-F494-42E9-A231-DA0B2E46BB41): 24
LogDevObjectVersion:   Dev-Framework (CFFC743F-43B0-4480-9391-14DF171D2073): 34
LogDevObjectVersion:   Dev-Mobile (B02B49B5-BB20-44E9-A304-32B752E40360): 2
LogDevObjectVersion:   Dev-Networking (A4E4105C-59A1-49B5-A7C5-40C4547EDFEE): 0
LogDevObjectVersion:   Dev-Online (39C831C9-5AE6-47DC-9A44-9C173E1C8E7C): 0
LogDevObjectVersion:   Dev-Physics (78F01B33-EBEA-4F98-B9B4-84EACCB95AA2): 0
LogDevObjectVersion:   Dev-Platform (6631380F-2D4D-43E0-8009-CF276956A95A): 0
LogDevObjectVersion:   Dev-Rendering (12F88B9F-8875-4AFC-A67C-D90C383ABD29): 26
LogDevObjectVersion:   Dev-Sequencer (7B5AE74C-D270-4C10-A958-57980B212A5A): 9
LogDevObjectVersion:   Dev-VR (D7296918-1DD6-4BDD-9DE2-64A83CC13884): 2
LogDevObjectVersion:   Dev-LoadTimes (C2A15278-BFE7-4AFE-6C17-90FF531DF755): 1
LogDevObjectVersion:   Private-Geometry (6EACA3D4-40EC-4CC1-B786-8BED09428FC5): 3
LogDevObjectVersion:   Dev-AnimPhys (29E575DD-E0A3-4627-9D10-D276232CDCEA): 17
LogDevObjectVersion:   Dev-ReflectionCapture (6B266CEC-1EC7-4B8F-A30B-E4D90942FC07): 1
LogDevObjectVersion:   Dev-Automation (0DF73D61-A23F-47EA-B727-89E90C41499A): 1
LogDevObjectVersion:   FortniteMain (601D1886-AC64-4F84-AA16-D3DE0DEAC7D6): 12
LogDevObjectVersion:   Dev-Enterprise (9DFFBCD6-494F-0158-E221-12823C92A888): 1
LogStreaming: Display: Took  0.000s to delete old logs.
LogInit: Presizing for max 8388607 objects, including 0 objects not considered by GC, pre-allocating 0 bytes for permanent pool.
LogInit: Object subsystem initialized
[2019.03.31-20.13.44:086][  0]LogInit: Selected Device Profile: [Windows]
[2019.03.31-20.13.44:086][  0]LogInit: Applying CVar settings loaded from the selected device profile: [Windows]
[2019.03.31-20.13.44:112][  0]LogHAL: Display: Platform has ~ 8 GB [8524505088 / 8589934592 / 8], which maps to Default [LargestMinGB=32, LargerMinGB=12, DefaultMinGB=8, SmallerMinGB=6, SmallestMinGB=0)
[2019.03.31-20.13.44:112][  0]LogInit: Setting Device Profile CVar: [[r.Vulkan.UseRealUBs:1]]
[2019.03.31-20.13.44:112][  0]LogInit: Going up to parent DeviceProfile []
[2019.03.31-20.13.44:139][  0]LogInit: Computer: DESKTOP-7CD6HDI
[2019.03.31-20.13.44:139][  0]LogInit: User: arrod
[2019.03.31-20.13.44:140][  0]LogInit: CPU Page size=4096, Cores=4
[2019.03.31-20.13.44:140][  0]LogInit: High frequency timer resolution =2.929685 MHz
[2019.03.31-20.13.44:140][  0]LogMemory: Memory total: Physical=7.9GB (8GB approx)
[2019.03.31-20.13.44:140][  0]LogMemory: Platform Memory Stats for Windows
[2019.03.31-20.13.44:140][  0]LogMemory: Process Physical Memory: 99.38 MB used, 99.38 MB peak
[2019.03.31-20.13.44:140][  0]LogMemory: Process Virtual Memory: 90.74 MB used, 90.74 MB peak
[2019.03.31-20.13.44:140][  0]LogMemory: Physical Memory: 3700.22 MB used,  4429.38 MB free, 8129.60 MB total
[2019.03.31-20.13.44:140][  0]LogMemory: Virtual Memory: 4631.85 MB used,  4429.38 MB free, 134217728.00 MB total
[2019.03.31-20.13.44:430][  0]LogInit: Using OS detected language (en-US).
[2019.03.31-20.13.44:430][  0]LogInit: Using OS detected locale (en-US).
[2019.03.31-20.13.44:484][  0]LogTextLocalizationManager: No specific localization for 'en-US' exists, so the 'en' localization will be used.
[2019.03.31-20.13.45:202][  0]LogStreaming: Display: Took  0.771s to InitEngineTextLocalization.
[2019.03.31-20.13.45:202][  0]LogInit: Setting process to per monitor DPI aware
[2019.03.31-20.13.45:728][  0]LogSlate: New Slate User Created.  User Index 0, Is Virtual User: 0
[2019.03.31-20.13.45:728][  0]LogSlate: Slate User Registered.  User Index 0, Is Virtual User: 0
[2019.03.31-20.13.48:447][  0]LogHMD: Failed to initialize OpenVR with code 110
[2019.03.31-20.13.48:447][  0]LogD3D11RHI: D3D11 adapters:
[2019.03.31-20.13.49:497][  0]LogD3D11RHI:    0. 'NVIDIA GeForce GTX 1060 3GB' (Feature Level 11_0)
[2019.03.31-20.13.49:497][  0]LogD3D11RHI:       2990/0/4064 MB DedicatedVideo/DedicatedSystem/SharedSystem, Outputs:1, VendorId:0x10de
[2019.03.31-20.13.49:538][  0]LogD3D11RHI:    1. 'Microsoft Basic Render Driver' (Feature Level 11_0)
[2019.03.31-20.13.49:538][  0]LogD3D11RHI:       0/0/4064 MB DedicatedVideo/DedicatedSystem/SharedSystem, Outputs:0, VendorId:0x1414
[2019.03.31-20.13.49:538][  0]LogD3D11RHI: Chosen D3D11 Adapter: 0
[2019.03.31-20.13.49:547][  0]LogD3D11RHI: Creating new Direct3DDevice
[2019.03.31-20.13.49:547][  0]LogD3D11RHI:     GPU DeviceId: 0x1c02 (for the marketing name, search the web for "GPU Device Id")
[2019.03.31-20.13.49:547][  0]LogWindows: EnumDisplayDevices:
[2019.03.31-20.13.49:547][  0]LogWindows:    0. 'NVIDIA GeForce GTX 1060 3GB' (P:1 D:1)
[2019.03.31-20.13.49:547][  0]LogWindows:    1. 'NVIDIA GeForce GTX 1060 3GB' (P:0 D:0)
[2019.03.31-20.13.49:548][  0]LogWindows:    2. 'NVIDIA GeForce GTX 1060 3GB' (P:0 D:0)
[2019.03.31-20.13.49:548][  0]LogWindows:    3. 'NVIDIA GeForce GTX 1060 3GB' (P:0 D:0)
[2019.03.31-20.13.49:548][  0]LogWindows: DebugString: FoundDriverCount:4 
[2019.03.31-20.13.49:548][  0]LogD3D11RHI:     Adapter Name: NVIDIA GeForce GTX 1060 3GB
[2019.03.31-20.13.49:548][  0]LogD3D11RHI:   Driver Version: 419.01 (internal:25.21.14.1901, unified:419.01)
[2019.03.31-20.13.49:548][  0]LogD3D11RHI:      Driver Date: 2-12-2019
[2019.03.31-20.13.49:548][  0]LogRHI: Texture pool is 2093 MB (70% of 2990 MB)
[2019.03.31-20.13.49:594][  0]LogD3D11RHI: Async texture creation enabled
[2019.03.31-20.13.49:606][  0]LogD3D11RHI: GPU Timing Frequency: 1000.000000 (Debug: 2 1)
[2019.03.31-20.13.49:649][  0]LogShaderCompilers: Guid format shader working directory is -6 characters bigger than the processId version (../../../../../../Users/arrod/Desktop/PrettyScenery/Intermediate/Shaders/WorkingDirectory/15212/).
[2019.03.31-20.13.49:650][  0]LogShaderCompilers: Cleaned the shader compiler working directory 'C:/Users/arrod/AppData/Local/Temp/UnrealShaderWorkingDir/74CA170748FB9C40B53365B19463FB6F/'.
[2019.03.31-20.13.52:751][  0]LogTemp: Display: Loaded TP AllDesktopTargetPlatform
[2019.03.31-20.13.52:789][  0]LogTemp: Display: Loaded TP MacClientTargetPlatform
[2019.03.31-20.13.52:829][  0]LogTemp: Display: Loaded TP MacNoEditorTargetPlatform
[2019.03.31-20.13.52:857][  0]LogTemp: Display: Loaded TP MacServerTargetPlatform
[2019.03.31-20.13.52:918][  0]LogTemp: Display: Loaded TP MacTargetPlatform
[2019.03.31-20.13.52:976][  0]LogTemp: Display: Loaded TP WindowsClientTargetPlatform
[2019.03.31-20.13.52:991][  0]LogTemp: Display: Loaded TP WindowsNoEditorTargetPlatform
[2019.03.31-20.13.53:026][  0]LogTemp: Display: Loaded TP WindowsServerTargetPlatform
[2019.03.31-20.13.53:035][  0]LogTemp: Display: Loaded TP WindowsTargetPlatform
[2019.03.31-20.13.53:197][  0]LogTemp: Display: Loaded TP AndroidTargetPlatform
[2019.03.31-20.13.53:197][  0]LogTemp: Display: Loaded TP AndroidTargetPlatform
[2019.03.31-20.13.53:197][  0]LogTemp: Display: Loaded TP AndroidTargetPlatform
[2019.03.31-20.13.53:197][  0]LogTemp: Display: Loaded TP AndroidTargetPlatform
[2019.03.31-20.13.53:197][  0]LogTemp: Display: Loaded TP AndroidTargetPlatform
[2019.03.31-20.13.53:197][  0]LogTemp: Display: Loaded TP AndroidTargetPlatform
[2019.03.31-20.13.53:197][  0]LogTemp: Display: Loaded TP AndroidTargetPlatform
[2019.03.31-20.13.53:197][  0]LogTemp: Display: Loaded TP AndroidTargetPlatform
[2019.03.31-20.13.53:197][  0]LogTemp: Display: Loaded TP AndroidTargetPlatform
[2019.03.31-20.13.53:197][  0]LogTemp: Display: Loaded TP AndroidTargetPlatform
[2019.03.31-20.13.53:197][  0]LogTemp: Display: Loaded TP AndroidTargetPlatform
[2019.03.31-20.13.53:197][  0]LogTemp: Display: Loaded TP AndroidTargetPlatform
[2019.03.31-20.13.53:197][  0]LogTemp: Display: Loaded TP AndroidTargetPlatform
[2019.03.31-20.13.53:197][  0]LogTemp: Display: Loaded TP AndroidTargetPlatform
[2019.03.31-20.13.53:197][  0]LogTemp: Display: Loaded TP AndroidTargetPlatform
[2019.03.31-20.13.53:197][  0]LogTemp: Display: Loaded TP AndroidTargetPlatform
[2019.03.31-20.13.53:197][  0]LogTemp: Display: Loaded TP AndroidTargetPlatform
[2019.03.31-20.13.53:197][  0]LogTemp: Display: Loaded TP AndroidTargetPlatform
[2019.03.31-20.13.53:211][  0]LogTemp: Display: Loaded TP HTML5TargetPlatform
[2019.03.31-20.13.53:349][  0]LogTemp: Display: Loaded TP IOSTargetPlatform
[2019.03.31-20.13.53:349][  0]LogTemp: Display: Loaded TP IOSTargetPlatform
[2019.03.31-20.13.53:412][  0]LogTemp: Display: Loaded TP TVOSTargetPlatform
[2019.03.31-20.13.53:412][  0]LogTemp: Display: Loaded TP TVOSTargetPlatform
[2019.03.31-20.13.53:448][  0]LogTemp: Display: Loaded TP LinuxClientTargetPlatform
[2019.03.31-20.13.53:475][  0]LogTemp: Display: Loaded TP LinuxNoEditorTargetPlatform
[2019.03.31-20.13.53:518][  0]LogTemp: Display: Loaded TP LinuxServerTargetPlatform
[2019.03.31-20.13.53:533][  0]LogTemp: Display: Loaded TP LinuxTargetPlatform
[2019.03.31-20.13.53:556][  0]LogTemp: Display: Loaded TP LuminTargetPlatform
[2019.03.31-20.13.53:556][  0]LogTargetPlatformManager: Display: Building Assets For Windows
[2019.03.31-20.13.54:292][  0]LogXGEController: Cleaning working directory: C:/Users/arrod/AppData/Local/Temp/UnrealXGEWorkingDir/
[2019.03.31-20.13.54:292][  0]LogXGEController: Cannot use XGE Controller as Incredibuild is not installed on this machine.
[2019.03.31-20.13.54:292][  0]LogShaderCompilers: Cannot use XGE Shader Compiler as Incredibuild is not installed on this machine.
[2019.03.31-20.13.54:292][  0]LogShaderCompilers: Display: Using Local Shader Compiler.
[2019.03.31-20.13.55:555][  0]LogDerivedDataCache: Display: Max Cache Size: 512 MB
[2019.03.31-20.13.55:972][  0]LogDerivedDataCache: Loaded boot cache 0.42s 87MB C:/Users/arrod/AppData/Local/UnrealEngine/4.20/DerivedDataCache/Boot.ddc.
[2019.03.31-20.13.55:973][  0]LogDerivedDataCache: Display: Loaded Boot cache: C:/Users/arrod/AppData/Local/UnrealEngine/4.20/DerivedDataCache/Boot.ddc
[2019.03.31-20.13.55:974][  0]LogDerivedDataCache: FDerivedDataBackendGraph:  Pak pak cache file ../../../../../../Users/arrod/Desktop/PrettyScenery/DerivedDataCache/DDC.ddp not found, will not use a pak cache.
[2019.03.31-20.13.55:974][  0]LogDerivedDataCache: Unable to find inner node Pak for hierarchical cache Hierarchy.
[2019.03.31-20.13.55:974][  0]LogDerivedDataCache: FDerivedDataBackendGraph:  CompressedPak pak cache file ../../../../../../Users/arrod/Desktop/PrettyScenery/DerivedDataCache/Compressed.ddp not found, will not use a pak cache.
[2019.03.31-20.13.55:974][  0]LogDerivedDataCache: Unable to find inner node CompressedPak for hierarchical cache Hierarchy.
[2019.03.31-20.13.56:039][  0]LogDerivedDataCache: Display: Pak cache opened for reading ../../../Engine/DerivedDataCache/Compressed.ddp.
[2019.03.31-20.13.56:052][  0]LogDerivedDataCache: Using Local data cache path C:/Users/arrod/AppData/Local/UnrealEngine/Common/DerivedDataCache: Writable
[2019.03.31-20.13.56:052][  0]LogDerivedDataCache: Shared data cache path not found in *engine.ini, will not use an Shared cache.
[2019.03.31-20.13.56:052][  0]LogDerivedDataCache: Unable to find inner node Shared for hierarchical cache Hierarchy.
[2019.03.31-20.13.56:072][  0]LogMaterial: Verifying Global Shaders for PCD3D_SM5
[2019.03.31-20.13.56:074][  0]LogSlate: Using FreeType 2.6.0
[2019.03.31-20.13.56:113][  0]LogSlate: SlateFontServices - WITH_FREETYPE: 1, WITH_HARFBUZZ: 1
[2019.03.31-20.13.56:471][  0]LogAssetRegistry: FAssetRegistry took 0.0269 seconds to start up
[2019.03.31-20.13.56:998][  0]LogInit: Selected Device Profile: [Windows]
[2019.03.31-20.13.57:749][  0]LogSimplygon: Simplygon DLL not present - disabling.
[2019.03.31-20.13.57:857][  0]LogMeshReduction: Using SimplygonSwarm for distributed automatic mesh merging
[2019.03.31-20.13.57:857][  0]LogMeshReduction: Using ProxyLODMeshReduction for automatic mesh merging
[2019.03.31-20.13.57:857][  0]LogMeshReduction: Using QuadricMeshReduction for automatic static mesh reduction
[2019.03.31-20.13.57:857][  0]LogMeshReduction: No automatic skeletal mesh reduction module available
[2019.03.31-20.13.57:930][  0]LogNetVersion: PrettyScenery 1.0.0, NetCL: 4212847, EngineNetVer: 5, GameNetVer: 0 (Checksum: 339197213)
[2019.03.31-20.13.59:360][  0]LogPackageLocalizationCache: Processed 11 localized package path(s) for 2 prioritized culture(s) in 0.134952 seconds
[2019.03.31-20.13.59:367][  0]LogUObjectArray: 38425 objects as part of root set at end of initial load.
[2019.03.31-20.13.59:367][  0]LogUObjectAllocator: 6690872 out of 0 bytes used by permanent object pool.
[2019.03.31-20.13.59:367][  0]LogUObjectArray: CloseDisregardForGC: 0/0 objects in disregard for GC pool
[2019.03.31-20.14.12:152][  0]LogTcpMessaging: Initializing TcpMessaging bridge
[2019.03.31-20.14.12:176][  0]LogUdpMessaging: Initializing bridge on interface 0.0.0.0:0 to multicast group 230.0.0.1:6666.
[2019.03.31-20.14.12:765][  0]SourceControl: Source control is disabled
[2019.03.31-20.14.12:765][  0]SourceControl: Source control is disabled
[2019.03.31-20.14.12:767][  0]SourceControl: Source control is disabled
[2019.03.31-20.14.12:768][  0]SourceControl: Source control is disabled
[2019.03.31-20.14.13:002][  0]LogAndroidPermission: UAndroidPermissionCallbackProxy::GetInstance
[2019.03.31-20.14.13:086][  0]LogOcInput: OculusInput pre-init called
[2019.03.31-20.14.13:173][  0]LogEngine: Initializing Engine...
[2019.03.31-20.14.13:174][  0]LogHMD: Failed to initialize OpenVR with code 110
[2019.03.31-20.14.13:175][  0]LogStats: UGameplayTagsManager::ConstructGameplayTagTree: ImportINI prefixes -  0.000 s
[2019.03.31-20.14.13:176][  0]LogStats: UGameplayTagsManager::ConstructGameplayTagTree: Construct from data asset -  0.000 s
[2019.03.31-20.14.13:176][  0]LogStats: UGameplayTagsManager::ConstructGameplayTagTree: ImportINI -  0.000 s
[2019.03.31-20.14.13:176][  0]LogStats: UGameplayTagsManager::ConstructGameplayTagTree: GameplayTagTreeChangedEvent.Broadcast -  0.000 s
[2019.03.31-20.14.13:418][  0]LogInit: Initializing FReadOnlyCVARCache
[2019.03.31-20.14.13:442][  0]LogAIModule: Creating AISystem for world Untitled
[2019.03.31-20.14.13:457][  0]LogInit: XAudio2 using 'OMEN by HP 25 (NVIDIA High Definition Audio)' : 2 channels at 48 kHz using 16 bits per sample (channel mask 0x3)
[2019.03.31-20.14.13:490][  0]LogInit: FAudioDevice initialized.
[2019.03.31-20.14.13:490][  0]LogNetVersion: Set ProjectVersion to 1.0.0.0. Version Checksum will be recalculated on next use.
[2019.03.31-20.14.14:413][  0]LogDerivedDataCache: Saved boot cache 0.92s 87MB C:/Users/arrod/AppData/Local/UnrealEngine/4.20/DerivedDataCache/Boot.ddc.
[2019.03.31-20.14.14:424][  0]LogInit: Texture streaming: Enabled
[2019.03.31-20.14.14:452][  0]LogEngineSessionManager: EngineSessionManager initialized
[2019.03.31-20.14.14:470][  0]LogInit: Transaction tracking system initialized
[2019.03.31-20.14.14:503][  0]BlueprintLog: New page: Editor Load
[2019.03.31-20.14.14:761][  0]LocalizationService: Localization service is disabled
[2019.03.31-20.14.15:559][  0]LogFileCache: Scanning file cache for directory 'C:/Users/arrod/Desktop/PrettyScenery/Content/' took 0.01s
[2019.03.31-20.14.15:559][  0]LogCook: Display: Max memory allowance for cook 16384mb min free memory 0mb
[2019.03.31-20.14.15:559][  0]LogCook: Display: Mobile HDR setting 1
[2019.03.31-20.14.15:605][  0]LogGameplayTags: Display: UGameplayTagsManager::DoneAddingNativeTags. DelegateIsBound: 0
[2019.03.31-20.14.15:605][  0]LogStats: UGameplayTagsManager::ConstructGameplayTagTree: ImportINI prefixes -  0.000 s
[2019.03.31-20.14.15:605][  0]LogStats: UGameplayTagsManager::ConstructGameplayTagTree: Construct from data asset -  0.000 s
[2019.03.31-20.14.15:605][  0]LogStats: UGameplayTagsManager::ConstructGameplayTagTree: ImportINI -  0.000 s
[2019.03.31-20.14.15:605][  0]LogStats: UGameplayTagsManager::ConstructGameplayTagTree: GameplayTagTreeChangedEvent.Broadcast -  0.000 s
[2019.03.31-20.14.16:062][  0]SourceControl: Source control is disabled
[2019.03.31-20.14.16:062][  0]Cmd: MAP LOAD FILE="../../../Engine/Content/Maps/Templates/Template_Default.umap" TEMPLATE=1 SHOWPROGRESS=1 FEATURELEVEL=3
[2019.03.31-20.14.16:062][  0]LightingResults: New page: Lighting Build
[2019.03.31-20.14.16:066][  0]MapCheck: New page: Map Check
[2019.03.31-20.14.16:066][  0]LightingResults: New page: Lighting Build
[2019.03.31-20.14.16:311][  0]LogAIModule: Creating AISystem for world Untitled_1
[2019.03.31-20.14.16:319][  0]LogEditorServer: Finished looking for orphan Actors (0.000 secs)
[2019.03.31-20.14.16:341][  0]Cmd: MAP CHECKDEP NOCLEARLOG
[2019.03.31-20.14.16:451][  0]MapCheck: Map check complete: 0 Error(s), 0 Warning(s), took 109.63ms to complete.
[2019.03.31-20.14.16:451][  0]LogFileHelpers: Loading map 'Template_Default' took 0.389
[2019.03.31-20.14.17:622][  0]LogSlate: Updating window title bar state: overlay mode, drag disabled, window buttons hidden, title bar hidden
[2019.03.31-20.14.17:680][  0]LogSlate: Updating window title bar state: overlay mode, drag disabled, window buttons hidden, title bar hidden
[2019.03.31-20.14.17:686][  0]LogSlate: Updating window title bar state: overlay mode, drag disabled, window buttons hidden, title bar hidden
[2019.03.31-20.14.17:692][  0]LogSlate: Updating window title bar state: overlay mode, drag disabled, window buttons hidden, title bar hidden
[2019.03.31-20.14.17:745][  0]LogCollectionManager: Loaded 0 collections in 0.002555 seconds
[2019.03.31-20.14.18:144][  0]LogFileCache: Scanning file cache for directory 'C:/Users/arrod/Desktop/PrettyScenery/Saved/Collections/' took 0.01s
[2019.03.31-20.14.18:144][  0]LogFileCache: Scanning file cache for directory 'C:/Users/arrod/Desktop/PrettyScenery/Content/Developers/arrod/Collections/' took 0.01s
[2019.03.31-20.14.18:144][  0]LogFileCache: Scanning file cache for directory 'C:/Users/arrod/Desktop/PrettyScenery/Content/Collections/' took 0.01s
[2019.03.31-20.14.18:144][  0]LogCollectionManager: Rebuilt the GUID cache for 0 collections in 0.000000 seconds
[2019.03.31-20.14.18:155][  0]LogContentBrowser: Native class hierarchy populated in 0.0100 seconds. Added 2572 classes and 603 folders.
[2019.03.31-20.14.18:245][  0]LogContentBrowser: Native class hierarchy updated for 'WidgetCarousel' in 0.0003 seconds. Added 0 classes and 0 folders.
[2019.03.31-20.14.19:674][  0]LogContentBrowser: Native class hierarchy updated for 'AddContentDialog' in 0.0003 seconds. Added 0 classes and 0 folders.
[2019.03.31-20.14.19:750][  0]LogContentBrowser: Native class hierarchy updated for 'SceneOutliner' in 0.0003 seconds. Added 1 classes and 2 folders.
[2019.03.31-20.14.20:177][  0]LogSlate: Took 0.000260 seconds to synchronously load lazily loaded font '../../../Engine/Content/Slate/Fonts/Roboto-Regular.ttf' (155K)
[2019.03.31-20.14.20:179][  0]LogSlate: Took 0.000221 seconds to synchronously load lazily loaded font '../../../Engine/Content/Slate/Fonts/Roboto-Bold.ttf' (160K)
[2019.03.31-20.14.20:280][  0]LogSlate: Took 0.016044 seconds to synchronously load lazily loaded font '../../../Engine/Content/Editor/Slate/Fonts/FontAwesome.ttf' (139K)
[2019.03.31-20.14.20:941][  0]LogRenderer: Reallocating scene render targets to support 1208x580 Format 10 NumSamples 1 (Frame:1).
[2019.03.31-20.14.21:431][  0]LogSlate: FSceneViewport::OnFocusLost() reason 2
[2019.03.31-20.14.21:479][  0]LogSlate: Window 'Tutorials' being destroyed
[2019.03.31-20.14.21:526][  0]LogContentBrowser: Native class hierarchy updated for 'HierarchicalLODOutliner' in 0.0003 seconds. Added 0 classes and 0 folders.
[2019.03.31-20.14.21:526][  0]LogLoad: (Engine Initialization) Total time: 62.49 seconds
[2019.03.31-20.14.21:526][  0]LogLoad: (Engine Initialization) Total Blueprint compile time: 0.00 seconds
[2019.03.31-20.14.21:536][  0]LogWindowsTextInputMethodSystem: Display: IME system now deactivated.
[2019.03.31-20.14.21:704][  0]LogContentStreaming: Texture pool size now 3000 MB
[2019.03.31-20.14.21:738][  1]LogAssetRegistry: Asset discovery search completed in 25.2897 seconds
[2019.03.31-20.14.21:739][  1]LogCollectionManager: Rebuilt the object cache for 0 collections in 0.000000 seconds (found 0 objects)
[2019.03.31-20.14.21:739][  1]LogCollectionManager: Fixed up redirectors for 0 collections in 0.000055 seconds (updated 0 objects)
[2019.03.31-20.22.29:907][900]LogSlate: FSceneViewport::OnFocusLost() reason 0
[2019.03.31-20.23.06:481][464]LogRenderer: Reallocating scene render targets to support 1216x580 Format 10 NumSamples 1 (Frame:58365).
[2019.03.31-20.24.33:758][894]LogSlate: Took 0.063118 seconds to synchronously load lazily loaded font '../../../Engine/Content/Slate/Fonts/Roboto-Light.ttf' (167K)
[2019.03.31-20.24.33:917][894]LogAssetTools: Warning: Failed to import 'C:\Users\arrod\Desktop\Materials/basic_tiling.uasset'. Unknown extension 'uasset'.
[2019.03.31-20.24.33:952][894]LogAssetTools: Warning: Failed to import 'C:\Users\arrod\Desktop\Materials/clear.uasset'. Unknown extension 'uasset'.
[2019.03.31-20.24.33:959][894]LogAssetTools: Warning: Failed to import 'C:\Users\arrod\Desktop\Materials/detail_material.uasset'. Unknown extension 'uasset'.
[2019.03.31-20.24.33:967][894]LogAssetTools: Warning: Failed to import 'C:\Users\arrod\Desktop\Materials/fresnel.uasset'. Unknown extension 'uasset'.
[2019.03.31-20.24.33:975][894]LogAssetTools: Warning: Failed to import 'C:\Users\arrod\Desktop\Materials/layer1.uasset'. Unknown extension 'uasset'.
[2019.03.31-20.24.33:983][894]LogAssetTools: Warning: Failed to import 'C:\Users\arrod\Desktop\Materials/layered_base_mat.uasset'. Unknown extension 'uasset'.
[2019.03.31-20.24.33:993][894]LogAssetTools: Warning: Failed to import 'C:\Users\arrod\Desktop\Materials/layered_cover_mat.uasset'. Unknown extension 'uasset'.
[2019.03.31-20.24.34:006][894]LogAssetTools: Warning: Failed to import 'C:\Users\arrod\Desktop\Materials/layered_mat.uasset'. Unknown extension 'uasset'.
[2019.03.31-20.24.34:020][894]LogAssetTools: Warning: Failed to import 'C:\Users\arrod\Desktop\Materials/lol.uasset'. Unknown extension 'uasset'.
[2019.03.31-20.24.34:036][894]LogAssetTools: Warning: Failed to import 'C:\Users\arrod\Desktop\Materials/mfesnel.uasset'. Unknown extension 'uasset'.
[2019.03.31-20.24.34:048][894]LogAssetTools: Warning: Failed to import 'C:\Users\arrod\Desktop\Materials/mfesneli.uasset'. Unknown extension 'uasset'.
[2019.03.31-20.24.34:063][894]LogAssetTools: Warning: Failed to import 'C:\Users\arrod\Desktop\Materials/MTx1.uasset'. Unknown extension 'uasset'.
[2019.03.31-20.24.34:078][894]LogAssetTools: Warning: Failed to import 'C:\Users\arrod\Desktop\Materials/reflector.uasset'. Unknown extension 'uasset'.
[2019.03.31-20.24.34:095][894]LogAssetTools: Warning: Failed to import 'C:\Users\arrod\Desktop\Materials/skull.uasset'. Unknown extension 'uasset'.
[2019.03.31-20.24.34:111][894]LogAssetTools: Warning: Failed to import 'C:\Users\arrod\Desktop\Materials/skull2.uasset'. Unknown extension 'uasset'.
[2019.03.31-20.24.34:127][894]LogAssetTools: Warning: Failed to import 'C:\Users\arrod\Desktop\Materials/traslucent.uasset'. Unknown extension 'uasset'.
[2019.03.31-20.24.34:146][894]LogAssetTools: Warning: Failed to import 'C:\Users\arrod\Desktop\Materials/wall.uasset'. Unknown extension 'uasset'.
[2019.03.31-20.24.34:164][894]LogAssetTools: Warning: Failed to import 'C:\Users\arrod\Desktop\Materials/walli.uasset'. Unknown extension 'uasset'.
[2019.03.31-20.25.12:980][368]LogAssetTools: Warning: Failed to import 'C:\Users\arrod\Desktop\Materials\layered_base_mat.uasset'. Unknown extension 'uasset'.
[2019.03.31-20.25.12:985][368]LogAssetTools: Warning: Failed to import 'C:\Users\arrod\Desktop\Materials\layered_cover_mat.uasset'. Unknown extension 'uasset'.
[2019.03.31-20.25.12:990][368]LogAssetTools: Warning: Failed to import 'C:\Users\arrod\Desktop\Materials\layered_mat.uasset'. Unknown extension 'uasset'.
[2019.03.31-20.25.12:996][368]LogAssetTools: Warning: Failed to import 'C:\Users\arrod\Desktop\Materials\lol.uasset'. Unknown extension 'uasset'.
[2019.03.31-20.25.13:004][368]LogAssetTools: Warning: Failed to import 'C:\Users\arrod\Desktop\Materials\mfesnel.uasset'. Unknown extension 'uasset'.
[2019.03.31-20.25.13:010][368]LogAssetTools: Warning: Failed to import 'C:\Users\arrod\Desktop\Materials\mfesneli.uasset'. Unknown extension 'uasset'.
[2019.03.31-20.25.13:018][368]LogAssetTools: Warning: Failed to import 'C:\Users\arrod\Desktop\Materials\MTx1.uasset'. Unknown extension 'uasset'.
[2019.03.31-20.25.13:027][368]LogAssetTools: Warning: Failed to import 'C:\Users\arrod\Desktop\Materials\reflector.uasset'. Unknown extension 'uasset'.
[2019.03.31-20.25.13:037][368]LogAssetTools: Warning: Failed to import 'C:\Users\arrod\Desktop\Materials\skull.uasset'. Unknown extension 'uasset'.
[2019.03.31-20.25.13:046][368]LogAssetTools: Warning: Failed to import 'C:\Users\arrod\Desktop\Materials\skull2.uasset'. Unknown extension 'uasset'.
[2019.03.31-20.25.13:057][368]LogAssetTools: Warning: Failed to import 'C:\Users\arrod\Desktop\Materials\traslucent.uasset'. Unknown extension 'uasset'.
[2019.03.31-20.25.13:069][368]LogAssetTools: Warning: Failed to import 'C:\Users\arrod\Desktop\Materials\wall.uasset'. Unknown extension 'uasset'.
[2019.03.31-20.25.13:080][368]LogAssetTools: Warning: Failed to import 'C:\Users\arrod\Desktop\Materials\walli.uasset'. Unknown extension 'uasset'.
[2019.03.31-20.25.13:095][368]LogAssetTools: Warning: Failed to import 'C:\Users\arrod\Desktop\Materials\basic_tiling.uasset'. Unknown extension 'uasset'.
[2019.03.31-20.25.13:110][368]LogAssetTools: Warning: Failed to import 'C:\Users\arrod\Desktop\Materials\clear.uasset'. Unknown extension 'uasset'.
[2019.03.31-20.25.13:126][368]LogAssetTools: Warning: Failed to import 'C:\Users\arrod\Desktop\Materials\detail_material.uasset'. Unknown extension 'uasset'.
[2019.03.31-20.25.13:142][368]LogAssetTools: Warning: Failed to import 'C:\Users\arrod\Desktop\Materials\fresnel.uasset'. Unknown extension 'uasset'.
[2019.03.31-20.25.13:158][368]LogAssetTools: Warning: Failed to import 'C:\Users\arrod\Desktop\Materials\layer1.uasset'. Unknown extension 'uasset'.
[2019.03.31-20.26.31:551][840]LogSlate: Took 0.000210 seconds to synchronously load lazily loaded font '../../../Engine/Content/Slate/Fonts/Roboto-Light.ttf' (167K)
[2019.03.31-20.26.44:842][238]LogAssetEditorManager: Opening Asset editor for Material /Game/Materials/Skull.Skull
[2019.03.31-20.26.44:884][238]LogMaterial: Display: Missing cached shader map for material Skull, compiling. 
[2019.03.31-20.26.48:811][238]LogMaterial: Display: Missing cached shader map for material Skull, compiling. 
[2019.03.31-20.26.48:844][238]LogShaderCompilers: Display: Shaders left to compile 21
[2019.03.31-20.26.48:844][238]LogShaderCompilers: Display: Shaders left to compile 20
[2019.03.31-20.26.48:844][238]LogShaderCompilers: Display: Shaders left to compile 19
[2019.03.31-20.26.48:990][238]LogSlate: Took 0.073135 seconds to synchronously load lazily loaded font '../../../Engine/Content/Slate/Fonts/Roboto-BoldCondensed.ttf' (158K)
[2019.03.31-20.26.54:608][371]LogShaderCompilers: Display: Shaders left to compile 18
[2019.03.31-20.26.54:608][371]LogShaderCompilers: Display: Shaders left to compile 17
[2019.03.31-20.26.54:620][372]LogShaderCompilers: Display: Shaders left to compile 16
[2019.03.31-20.26.54:936][408]LogShaderCompilers: Display: Shaders left to compile 15
[2019.03.31-20.26.55:059][422]LogShaderCompilers: Display: Shaders left to compile 14
[2019.03.31-20.26.55:103][427]LogShaderCompilers: Display: Shaders left to compile 13
[2019.03.31-20.26.55:344][454]LogShaderCompilers: Display: Shaders left to compile 12
[2019.03.31-20.26.55:499][472]LogShaderCompilers: Display: Shaders left to compile 11
[2019.03.31-20.26.55:500][472]LogShaderCompilers: Display: Shaders left to compile 10
[2019.03.31-20.26.56:053][536]LogShaderCompilers: Display: Shaders left to compile 9
[2019.03.31-20.26.56:560][595]LogShaderCompilers: Display: Shaders left to compile 8
[2019.03.31-20.26.56:636][604]LogShaderCompilers: Display: Shaders left to compile 7
[2019.03.31-20.26.57:081][654]LogShaderCompilers: Display: Shaders left to compile 6
[2019.03.31-20.26.57:485][699]LogShaderCompilers: Display: Shaders left to compile 5
[2019.03.31-20.26.57:485][699]LogShaderCompilers: Display: Shaders left to compile 4
[2019.03.31-20.26.58:166][778]LogShaderCompilers: Display: Shaders left to compile 3
[2019.03.31-20.26.58:175][779]LogShaderCompilers: Display: Shaders left to compile 2
[2019.03.31-20.26.58:445][810]LogShaderCompilers: Display: Shaders left to compile 1
[2019.03.31-20.26.59:901][898]MaterialEditorStats: Base pass shader: 99 instructions
[2019.03.31-20.26.59:901][898]MaterialEditorStats: Base pass shader with Volumetric Lightmap: 172 instructions
[2019.03.31-20.26.59:901][898]MaterialEditorStats: Base pass vertex shader: 32 instructions
[2019.03.31-20.26.59:901][898]MaterialEditorStats: Texture samplers: 3/16
[2019.03.31-20.27.10:319][ 47]LogFileHelpers: Editor autosave (incl. sublevels) for '/Temp/Untitled_1' took 0.068
[2019.03.31-20.27.10:333][ 47]OBJ SavePackage: Generating thumbnails for [1] asset(s) in package [/Game/Materials/Skull] ([1] browsable assets)...
[2019.03.31-20.27.10:377][ 47]OBJ SavePackage:     Rendered thumbnail for [Material /Game/Materials/Skull.Skull]
[2019.03.31-20.27.10:377][ 47]OBJ SavePackage: Finished generating thumbnails for package [/Game/Materials/Skull]
[2019.03.31-20.27.10:377][ 47]Cmd: OBJ SAVEPACKAGE PACKAGE="/Game/Materials/Skull" FILE="../../../../../../Users/arrod/Desktop/PrettyScenery/Saved/Autosaves/Game/Materials/Skull_Auto1.uasset" SILENT=false AUTOSAVING=true
[2019.03.31-20.27.10:601][ 47]LogSavePackage: Moving '../../../../../../Users/arrod/Desktop/PrettyScenery/Saved/Skull_Auto16079BFAE4357DA71DB5B56B1806C9CBD.tmp' to '../../../../../../Users/arrod/Desktop/PrettyScenery/Saved/Autosaves/Game/Materials/Skull_Auto1.uasset'
[2019.03.31-20.27.10:650][ 47]LogFileHelpers: Auto-saving content packages took 0.330
[2019.03.31-20.27.19:780][122]LogSlate: Window 'Skull*' being destroyed
[2019.03.31-20.27.19:785][122]LogSlate: Window 'Skull*' being destroyed
[2019.03.31-20.29.11:751][341]LogSlate: Window 'Save Level As' being destroyed
[2019.03.31-20.29.11:941][341]Cmd: OBJ SAVEPACKAGE PACKAGE="/Game/Materials/NewMap" FILE="../../../../../../Users/arrod/Desktop/PrettyScenery/Content/Materials/NewMap.umap" SILENT=true AUTOSAVING=false KEEPDIRTY=false
[2019.03.31-20.29.12:182][341]LogSavePackage: Moving '../../../../../../Users/arrod/Desktop/PrettyScenery/Saved/NewMap66B7F85D4EE1EF7FF4C9FEB509530080.tmp' to '../../../../../../Users/arrod/Desktop/PrettyScenery/Content/Materials/NewMap.umap'
[2019.03.31-20.29.12:211][341]Cmd: OBJ SAVEPACKAGE PACKAGE="/Game/Materials/NewMap_BuiltData" FILE="../../../../../../Users/arrod/Desktop/PrettyScenery/Content/Materials/NewMap_BuiltData.uasset" SILENT=true
[2019.03.31-20.29.12:234][341]LogSavePackage: Moving '../../../../../../Users/arrod/Desktop/PrettyScenery/Saved/NewMap_BuiltData3390CE854A891E4A674F07BD8D6E6284.tmp' to '../../../../../../Users/arrod/Desktop/PrettyScenery/Content/Materials/NewMap_BuiltData.uasset'
[2019.03.31-20.29.12:243][341]LogFileHelpers: Saving map 'NewMap' took 0.425
[2019.03.31-20.29.21:132][ 66]LogSlate: Window 'Delete Assets' being destroyed
[2019.03.31-20.29.21:250][ 66]LightingResults: New page: Lighting Build
[2019.03.31-20.29.21:250][ 66]MapCheck: New page: Map Check
[2019.03.31-20.29.21:250][ 66]LightingResults: New page: Lighting Build
[2019.03.31-20.29.21:300][ 66]LogAIModule: Creating AISystem for world Untitled
[2019.03.31-20.29.21:412][ 66]LoadErrors: New page: New Map
[2019.03.31-20.29.21:429][ 66]LogAIModule: Creating AISystem for world NewMap
[2019.03.31-20.29.27:881][239]LogSlate: Window 'New Level' being destroyed
[2019.03.31-20.29.27:883][239]LightingResults: New page: Lighting Build
[2019.03.31-20.29.27:884][239]MapCheck: New page: Map Check
[2019.03.31-20.29.27:884][239]LightingResults: New page: Lighting Build
[2019.03.31-20.29.27:907][239]LogAIModule: Creating AISystem for world Untitled
[2019.03.31-20.29.27:910][239]LoadErrors: New page: New Map
[2019.03.31-20.29.30:182][511]LogAssetEditorManager: Opening Asset editor for Material /Game/Materials/Skull.Skull
[2019.03.31-20.29.30:185][511]LogMaterial: Display: Missing cached shader map for material Skull, compiling. 
[2019.03.31-20.29.48:263][511]LogMaterial: Display: Missing cached shader map for material Skull, compiling. 
[2019.03.31-20.29.48:278][511]LogMaterial: Display: Missing cached shader map for material Skull, compiling. 
[2019.03.31-20.29.48:308][511]LogShaderCompilers: Display: Shaders left to compile 21
[2019.03.31-20.29.48:308][511]LogShaderCompilers: Display: Shaders left to compile 20
[2019.03.31-20.29.48:308][511]LogShaderCompilers: Display: Shaders left to compile 19
[2019.03.31-20.29.49:535][634]LogShaderCompilers: Display: Shaders left to compile 18
[2019.03.31-20.29.49:751][658]LogShaderCompilers: Display: Shaders left to compile 17
[2019.03.31-20.29.50:160][705]LogShaderCompilers: Display: Shaders left to compile 16
[2019.03.31-20.29.50:223][711]LogShaderCompilers: Display: Shaders left to compile 15
[2019.03.31-20.29.50:458][738]LogShaderCompilers: Display: Shaders left to compile 14
[2019.03.31-20.29.50:520][745]LogShaderCompilers: Display: Shaders left to compile 13
[2019.03.31-20.29.50:691][765]LogShaderCompilers: Display: Shaders left to compile 12
[2019.03.31-20.29.50:895][789]LogShaderCompilers: Display: Shaders left to compile 11
[2019.03.31-20.29.51:500][858]LogShaderCompilers: Display: Shaders left to compile 10
[2019.03.31-20.29.51:781][891]LogShaderCompilers: Display: Shaders left to compile 9
[2019.03.31-20.29.52:065][924]LogShaderCompilers: Display: Shaders left to compile 8
[2019.03.31-20.29.52:110][929]LogShaderCompilers: Display: Shaders left to compile 7
[2019.03.31-20.29.52:713][998]LogShaderCompilers: Display: Shaders left to compile 6
[2019.03.31-20.29.52:732][  0]LogShaderCompilers: Display: Shaders left to compile 5
[2019.03.31-20.29.53:090][ 41]LogShaderCompilers: Display: Shaders left to compile 4
[2019.03.31-20.29.53:908][127]LogShaderCompilers: Display: Shaders left to compile 3
[2019.03.31-20.29.53:916][128]LogShaderCompilers: Display: Shaders left to compile 2
[2019.03.31-20.29.54:004][138]LogShaderCompilers: Display: Shaders left to compile 1
[2019.03.31-20.29.55:406][298]MaterialEditorStats: Base pass shader: 99 instructions
[2019.03.31-20.29.55:406][298]MaterialEditorStats: Base pass shader with Volumetric Lightmap: 172 instructions
[2019.03.31-20.29.55:406][298]MaterialEditorStats: Base pass vertex shader: 32 instructions
[2019.03.31-20.29.55:406][298]MaterialEditorStats: Texture samplers: 3/16
[2019.03.31-20.31.39:768][748]LogMaterialEditor: Saving and Compiling material Skull
[2019.03.31-20.31.39:780][748]Cmd: OBJ SAVEPACKAGE PACKAGE="/Game/Materials/Skull" FILE="../../../../../../Users/arrod/Desktop/PrettyScenery/Content/Materials/Skull.uasset" SILENT=true
[2019.03.31-20.31.39:787][748]LogSavePackage: Moving '../../../../../../Users/arrod/Desktop/PrettyScenery/Saved/Skull628A92BD4C89F0473A14FA8972D5F64A.tmp' to '../../../../../../Users/arrod/Desktop/PrettyScenery/Content/Materials/Skull.uasset'
[2019.03.31-20.31.41:874][997]LogMaterialEditor: Saving and Compiling material Skull
[2019.03.31-20.31.41:886][997]Cmd: OBJ SAVEPACKAGE PACKAGE="/Game/Materials/Skull" FILE="../../../../../../Users/arrod/Desktop/PrettyScenery/Content/Materials/Skull.uasset" SILENT=true
[2019.03.31-20.31.41:894][997]LogSavePackage: Moving '../../../../../../Users/arrod/Desktop/PrettyScenery/Saved/SkullC1D2334B43AEEB6A75BE6397B5AE228C.tmp' to '../../../../../../Users/arrod/Desktop/PrettyScenery/Content/Materials/Skull.uasset'
[2019.03.31-20.32.07:191][437]LogSlate: Window 'Skull' being destroyed
[2019.03.31-20.32.07:194][437]LogSlate: Window 'Skull' being destroyed
[2019.03.31-20.33.15:584][441]LogSlate: Window 'Save Level As' being destroyed
[2019.03.31-20.33.33:419][441]Cmd: OBJ SAVEPACKAGE PACKAGE="/Game/Final" FILE="../../../../../../Users/arrod/Desktop/PrettyScenery/Content/Final.umap" SILENT=true AUTOSAVING=false KEEPDIRTY=false
[2019.03.31-20.33.33:452][441]LogSavePackage: Moving '../../../../../../Users/arrod/Desktop/PrettyScenery/Saved/Final5D6D8007465473BFF56202B0BF4F41EF.tmp' to '../../../../../../Users/arrod/Desktop/PrettyScenery/Content/Final.umap'
[2019.03.31-20.33.33:463][441]LogFileHelpers: Saving map 'Final' took 17.874
[2019.03.31-20.34.41:450][470]LogSlate: Window 'PrettyScenery - Unreal Editor' being destroyed
[2019.03.31-20.34.41:466][470]LogWindowsTextInputMethodSystem: Display: IME system now deactivated.
[2019.03.31-20.34.42:906][471]Cmd: QUIT_EDITOR
[2019.03.31-20.34.44:311][471]LogExit: Preparing to exit.
[2019.03.31-20.34.47:626][471]LogExit: Editor shut down
[2019.03.31-20.34.47:626][471]LogExit: Transaction tracking system shut down
[2019.03.31-20.34.53:990][471]LogExit: Object subsystem successfully closed.
[2019.03.31-20.34.54:798][471]LogShaderCompilers: Display: Shaders left to compile 0
[2019.03.31-20.34.54:845][471]LogD3D11RHI: Shutdown
[2019.03.31-20.34.54:845][471]LogD3D11RHI: CleanupD3DDevice
[2019.03.31-20.34.54:999][471]LogD3D11RHI: ~FD3D11DynamicRHI
[2019.03.31-20.34.58:146][471]LogModuleManager: Shutting down and abandoning module NewLevelDialog (614)
[2019.03.31-20.34.58:146][471]LogModuleManager: Shutting down and abandoning module HierarchicalLODOutliner (612)
[2019.03.31-20.34.58:146][471]LogModuleManager: Shutting down and abandoning module SceneOutliner (610)
[2019.03.31-20.34.58:146][471]LogModuleManager: Shutting down and abandoning module AddContentDialog (608)
[2019.03.31-20.34.58:176][471]LogModuleManager: Shutting down and abandoning module WidgetCarousel (607)
[2019.03.31-20.34.58:176][471]LogModuleManager: Shutting down and abandoning module EditorWidgets (604)
[2019.03.31-20.34.58:176][471]LogModuleManager: Shutting down and abandoning module CollectionManager (602)
[2019.03.31-20.34.58:204][471]LogModuleManager: Shutting down and abandoning module HierarchicalLODUtilities (600)
[2019.03.31-20.34.58:230][471]LogModuleManager: Shutting down and abandoning module StatsViewer (598)
[2019.03.31-20.34.58:250][471]LogModuleManager: Shutting down and abandoning module FoliageEdit (596)
[2019.03.31-20.34.58:277][471]LogModuleManager: Shutting down and abandoning module LandscapeEditor (594)
[2019.03.31-20.34.58:498][471]LogModuleManager: Shutting down and abandoning module MeshPaintMode (592)
[2019.03.31-20.34.58:530][471]LogModuleManager: Shutting down and abandoning module SceneDepthPickerMode (590)
[2019.03.31-20.34.58:530][471]LogModuleManager: Shutting down and abandoning module ActorPickerMode (588)
[2019.03.31-20.34.58:530][471]LogModuleManager: Shutting down and abandoning module GeometryMode (586)
[2019.03.31-20.34.58:530][471]LogModuleManager: Shutting down and abandoning module TextureAlignMode (584)
[2019.03.31-20.34.58:530][471]LogModuleManager: Shutting down and abandoning module BspMode (582)
[2019.03.31-20.34.58:530][471]LogModuleManager: Shutting down and abandoning module PIEPreviewDeviceProfileSelector (580)
[2019.03.31-20.34.58:556][471]LogModuleManager: Shutting down and abandoning module SequenceRecorderSections (578)
[2019.03.31-20.34.58:589][471]LogModuleManager: Shutting down and abandoning module AutomationWorker (576)
[2019.03.31-20.34.58:589][471]LogModuleManager: Shutting down and abandoning module AudioCaptureEditor (574)
[2019.03.31-20.34.58:589][471]LogModuleManager: Shutting down and abandoning module SequenceRecorder (573)
[2019.03.31-20.34.58:614][471]LogModuleManager: Shutting down and abandoning module MatineeToLevelSequence (570)
[2019.03.31-20.34.58:645][471]LogModuleManager: Shutting down and abandoning module LevelSequenceEditor (568)
[2019.03.31-20.34.58:751][471]LogModuleManager: Shutting down and abandoning module PlacementMode (567)
[2019.03.31-20.34.58:751][471]LogModuleManager: Shutting down and abandoning module MaterialEditor (566)
[2019.03.31-20.34.58:751][471]LogModuleManager: Shutting down and abandoning module WmfMediaFactory (562)
[2019.03.31-20.34.58:751][471]LogModuleManager: Shutting down and abandoning module WmfMediaEditor (560)
[2019.03.31-20.34.58:751][471]LogModuleManager: Shutting down and abandoning module MediaPlayerEditor (558)
[2019.03.31-20.34.58:828][471]LogModuleManager: Shutting down and abandoning module OpenExrWrapper (556)
[2019.03.31-20.34.58:828][471]LogModuleManager: Shutting down and abandoning module ImgMediaFactory (554)
[2019.03.31-20.34.58:828][471]LogModuleManager: Shutting down and abandoning module ImgMediaEditor (552)
[2019.03.31-20.34.58:828][471]LogModuleManager: Shutting down and abandoning module AvfMediaFactory (550)
[2019.03.31-20.34.58:828][471]LogModuleManager: Shutting down and abandoning module AvfMediaEditor (548)
[2019.03.31-20.34.58:828][471]LogModuleManager: Shutting down and abandoning module AndroidMediaFactory (546)
[2019.03.31-20.34.58:828][471]LogModuleManager: Shutting down and abandoning module AndroidMediaEditor (544)
[2019.03.31-20.34.58:828][471]LogModuleManager: Shutting down and abandoning module MagicLeapCameraPreviewFactory (542)
[2019.03.31-20.34.58:828][471]LogModuleManager: Shutting down and abandoning module MagicLeapMediaFactory (540)
[2019.03.31-20.34.58:828][471]LogModuleManager: Shutting down and abandoning module MagicLeapMediaEditor (538)
[2019.03.31-20.34.58:828][471]LogModuleManager: Shutting down and abandoning module CharacterAI (536)
[2019.03.31-20.34.58:828][471]LogModuleManager: Shutting down and abandoning module SmartSnapping (534)
[2019.03.31-20.34.58:828][471]LogModuleManager: Shutting down and abandoning module SessionServices (532)
[2019.03.31-20.34.58:828][471]LogModuleManager: Shutting down and abandoning module ViewportSnapping (530)
[2019.03.31-20.34.58:828][471]LogModuleManager: Shutting down and abandoning module ViewportInteraction (528)
[2019.03.31-20.34.58:828][471]LogModuleManager: Shutting down and abandoning module ClothPainter (526)
[2019.03.31-20.34.58:899][471]LogModuleManager: Shutting down and abandoning module SkeletalMeshEditor (525)
[2019.03.31-20.34.58:945][471]LogModuleManager: Shutting down and abandoning module LogVisualizer (522)
[2019.03.31-20.34.58:994][471]LogModuleManager: Shutting down and abandoning module IntroTutorials (520)
[2019.03.31-20.34.59:049][471]LogModuleManager: Shutting down and abandoning module GameProjectGeneration (519)
[2019.03.31-20.34.59:100][471]LogModuleManager: Shutting down and abandoning module LuminPlatformEditor (516)
[2019.03.31-20.34.59:100][471]LogModuleManager: Shutting down and abandoning module IOSPlatformEditor (514)
[2019.03.31-20.34.59:129][471]LogModuleManager: Shutting down and abandoning module HTML5PlatformEditor (512)
[2019.03.31-20.34.59:129][471]LogModuleManager: Shutting down and abandoning module AndroidPlatformEditor (510)
[2019.03.31-20.34.59:129][471]LogModuleManager: Shutting down and abandoning module AndroidDeviceDetection (509)
[2019.03.31-20.34.59:459][471]LogModuleManager: Shutting down and abandoning module WindowsPlatformEditor (506)
[2019.03.31-20.34.59:460][471]LogModuleManager: Shutting down and abandoning module LuminRuntimeSettings (504)
[2019.03.31-20.34.59:460][471]LogModuleManager: Shutting down and abandoning module IOSRuntimeSettings (502)
[2019.03.31-20.34.59:460][471]LogModuleManager: Shutting down and abandoning module AndroidRuntimeSettings (500)
[2019.03.31-20.34.59:460][471]LogModuleManager: Shutting down and abandoning module InputBindingEditor (498)
[2019.03.31-20.34.59:473][471]LogModuleManager: Shutting down and abandoning module MergeActors (496)
[2019.03.31-20.34.59:519][471]LogModuleManager: Shutting down and abandoning module LocalizationDashboard (494)
[2019.03.31-20.34.59:593][471]LogModuleManager: Shutting down and abandoning module LocalizationService (493)
[2019.03.31-20.34.59:618][471]LogModuleManager: Shutting down and abandoning module HardwareTargeting (490)
[2019.03.31-20.34.59:618][471]LogModuleManager: Shutting down and abandoning module DeviceProfileEditor (488)
[2019.03.31-20.34.59:618][471]LogModuleManager: Shutting down and abandoning module UndoHistory (486)
[2019.03.31-20.34.59:627][471]LogModuleManager: Shutting down and abandoning module XmlParser (484)
[2019.03.31-20.34.59:627][471]LogModuleManager: Shutting down and abandoning module Blutility (482)
[2019.03.31-20.34.59:676][471]LogModuleManager: Shutting down and abandoning module ProjectSettingsViewer (480)
[2019.03.31-20.34.59:676][471]LogModuleManager: Shutting down and abandoning module ProjectTargetPlatformEditor (479)
[2019.03.31-20.34.59:677][471]LogModuleManager: Shutting down and abandoning module EditorSettingsViewer (476)
[2019.03.31-20.34.59:677][471]LogModuleManager: Shutting down and abandoning module SettingsEditor (474)
[2019.03.31-20.34.59:943][471]LogModuleManager: Shutting down and abandoning module ProjectLauncher (472)
[2019.03.31-20.35.00:003][471]LogModuleManager: Shutting down and abandoning module SessionFrontend (470)
[2019.03.31-20.35.00:035][471]LogModuleManager: Shutting down and abandoning module ProfilerClient (468)
[2019.03.31-20.35.00:067][471]LogModuleManager: Shutting down and abandoning module DeviceManager (466)
[2019.03.31-20.35.00:097][471]LogModuleManager: Shutting down and abandoning module TargetDeviceServices (465)
[2019.03.31-20.35.00:151][471]LogModuleManager: Shutting down and abandoning module AutomationController (462)
[2019.03.31-20.35.00:184][471]LogModuleManager: Shutting down and abandoning module AutomationWindow (460)
[2019.03.31-20.35.00:206][471]LogModuleManager: Shutting down and abandoning module Layers (458)
[2019.03.31-20.35.00:302][471]LogModuleManager: Shutting down and abandoning module ComponentVisualizers (456)
[2019.03.31-20.35.00:302][471]LogModuleManager: Shutting down and abandoning module DetailCustomizations (454)
[2019.03.31-20.35.00:397][471]LogModuleManager: Shutting down and abandoning module PackagesDialog (452)
[2019.03.31-20.35.00:397][471]LogModuleManager: Shutting down and abandoning module Persona (450)
[2019.03.31-20.35.00:515][471]LogModuleManager: Shutting down and abandoning module AdvancedPreviewScene (449)
[2019.03.31-20.35.00:515][471]LogModuleManager: Shutting down and abandoning module AnimGraph (447)
[2019.03.31-20.35.00:532][471]LogModuleManager: Shutting down and abandoning module Kismet (444)
[2019.03.31-20.35.00:625][471]LogModuleManager: Shutting down and abandoning module GraphEditor (442)
[2019.03.31-20.35.00:625][471]LogModuleManager: Shutting down and abandoning module ClassViewer (440)
[2019.03.31-20.35.00:625][471]LogModuleManager: Shutting down and abandoning module Toolbox (438)
[2019.03.31-20.35.00:626][471]LogModuleManager: Shutting down and abandoning module ModuleUI (436)
[2019.03.31-20.35.00:635][471]LogModuleManager: Shutting down and abandoning module MovieSceneTools (434)
[2019.03.31-20.35.00:693][471]LogModuleManager: Shutting down and abandoning module OutputLog (432)
[2019.03.31-20.35.00:693][471]LogModuleManager: Shutting down and abandoning module GammaUI (430)
[2019.03.31-20.35.00:725][471]LogModuleManager: Shutting down and abandoning module Documentation (428)
[2019.03.31-20.35.00:725][471]LogModuleManager: Shutting down and abandoning module MovieSceneTracks (426)
[2019.03.31-20.35.00:725][471]LogModuleManager: Shutting down and abandoning module MovieScene (424)
[2019.03.31-20.35.00:753][471]LogModuleManager: Shutting down and abandoning module StreamingPauseRendering (422)
[2019.03.31-20.35.00:767][471]LogModuleManager: Shutting down and abandoning module LauncherPlatform (420)
[2019.03.31-20.35.00:767][471]LogModuleManager: Shutting down and abandoning module AnalyticsET (418)
[2019.03.31-20.35.00:767][471]LogModuleManager: Shutting down and abandoning module PortalServices (416)
[2019.03.31-20.35.00:767][471]LogModuleManager: Shutting down and abandoning module PortalRpc (414)
[2019.03.31-20.35.00:767][471]LogModuleManager: Shutting down and abandoning module MessagingRpc (412)
[2019.03.31-20.35.00:767][471]LogModuleManager: Shutting down and abandoning module AIModule (410)
[2019.03.31-20.35.00:831][471]LogModuleManager: Shutting down and abandoning module GameplayDebugger (409)
[2019.03.31-20.35.00:848][471]LogModuleManager: Shutting down and abandoning module AITestSuite (407)
[2019.03.31-20.35.00:861][471]LogModuleManager: Shutting down and abandoning module NavigationSystem (405)
[2019.03.31-20.35.00:861][471]LogModuleManager: Shutting down and abandoning module DesktopPlatform (402)
[2019.03.31-20.35.00:861][471]LogModuleManager: Shutting down and abandoning module ProfilerService (400)
[2019.03.31-20.35.00:941][471]LogModuleManager: Shutting down and abandoning module TaskGraph (398)
[2019.03.31-20.35.00:968][471]LogModuleManager: Shutting down and abandoning module SteamVRController (396)
[2019.03.31-20.35.00:968][471]LogModuleManager: Shutting down and abandoning module ProceduralMeshComponentEditor (394)
[2019.03.31-20.35.00:968][471]LogModuleManager: Shutting down and abandoning module ProceduralMeshComponent (392)
[2019.03.31-20.35.01:007][471]LogModuleManager: Shutting down and abandoning module OculusInput (390)
[2019.03.31-20.35.01:007][471]LogModuleManager: Shutting down and abandoning module MobilePatchingUtils (388)
[2019.03.31-20.35.01:007][471]LogModuleManager: Shutting down and abandoning module EditableMesh (386)
[2019.03.31-20.35.01:061][471]LogModuleManager: Shutting down and abandoning module CustomMeshComponent (384)
[2019.03.31-20.35.01:061][471]LogModuleManager: Shutting down and abandoning module CableComponent (382)
[2019.03.31-20.35.01:061][471]LogModuleManager: Shutting down and abandoning module AudioCapture (380)
[2019.03.31-20.35.01:061][471]LogModuleManager: Shutting down and abandoning module ArchVisCharacter (378)
[2019.03.31-20.35.01:061][471]LogModuleManager: Shutting down and abandoning module AndroidPermission (376)
[2019.03.31-20.35.01:061][471]LogModuleManager: Shutting down and abandoning module NUTUnrealEngine4 (374)
[2019.03.31-20.35.01:061][471]LogModuleManager: Shutting down and abandoning module NetcodeUnitTest (372)
[2019.03.31-20.35.01:164][471]LogModuleManager: Shutting down and abandoning module MediaCompositingEditor (370)
[2019.03.31-20.35.01:164][471]LogModuleManager: Shutting down and abandoning module MediaCompositing (368)
[2019.03.31-20.35.01:164][471]LogModuleManager: Shutting down and abandoning module LinearTimecode (366)
[2019.03.31-20.35.01:164][471]LogModuleManager: Shutting down and abandoning module ImgMedia (364)
[2019.03.31-20.35.01:189][471]LogModuleManager: Shutting down and abandoning module HTML5Networking (362)
[2019.03.31-20.35.01:189][471]LogModuleManager: Shutting down and abandoning module GeometryCacheTracks (360)
[2019.03.31-20.35.01:189][471]LogModuleManager: Shutting down and abandoning module GeometryCacheSequencer (358)
[2019.03.31-20.35.01:189][471]LogModuleManager: Shutting down and abandoning module BackChannel (356)
[2019.03.31-20.35.01:211][471]LogModuleManager: Shutting down and abandoning module AppleVision (354)
[2019.03.31-20.35.01:211][471]LogModuleManager: Shutting down and abandoning module AppleImageUtils (352)
[2019.03.31-20.35.01:211][471]LogModuleManager: Shutting down and abandoning module AlembicImporter (350)
[2019.03.31-20.35.01:211][471]LogModuleManager: Shutting down and abandoning module AlembicLibrary (349)
[2019.03.31-20.35.01:211][471]LogModuleManager: Shutting down and abandoning module GeometryCache (348)
[2019.03.31-20.35.01:211][471]LogModuleManager: Shutting down and abandoning module GeometryCacheEd (347)
[2019.03.31-20.35.01:211][471]LogModuleManager: Shutting down and abandoning module DatasmithContentEditor (342)
[2019.03.31-20.35.01:246][471]LogModuleManager: Shutting down and abandoning module DatasmithContent (340)
[2019.03.31-20.35.01:246][471]LogModuleManager: Shutting down and abandoning module SpeedTreeImporter (338)
[2019.03.31-20.35.01:247][471]LogModuleManager: Shutting down and abandoning module PluginBrowser (336)
[2019.03.31-20.35.01:434][471]LogModuleManager: Shutting down and abandoning module MobileLauncherProfileWizard (334)
[2019.03.31-20.35.01:460][471]LogModuleManager: Shutting down and abandoning module PolygonModeling (332)
[2019.03.31-20.35.01:460][471]LogModuleManager: Shutting down and abandoning module MeshEditor (330)
[2019.03.31-20.35.01:492][471]LogModuleManager: Shutting down and abandoning module CryptoKeysOpenSSL (328)
[2019.03.31-20.35.01:535][471]LogModuleManager: Shutting down and abandoning module CryptoKeys (326)
[2019.03.31-20.35.01:535][471]LogModuleManager: Shutting down and abandoning module VisualStudioSourceCodeAccess (324)
[2019.03.31-20.35.01:536][471]LogModuleManager: Shutting down and abandoning module VisualStudioCodeSourceCodeAccess (322)
[2019.03.31-20.35.01:536][471]LogModuleManager: Shutting down and abandoning module UObjectPlugin (320)
[2019.03.31-20.35.01:536][471]LogModuleManager: Shutting down and abandoning module SubversionSourceControl (318)
[2019.03.31-20.35.01:598][471]LogModuleManager: Shutting down and abandoning module PerforceSourceControl (316)
[2019.03.31-20.35.01:652][471]LogModuleManager: Shutting down and abandoning module GitSourceControl (314)
[2019.03.31-20.35.01:701][471]LogModuleManager: Shutting down and abandoning module SourceControl (313)
[2019.03.31-20.35.01:729][471]LogModuleManager: Shutting down and abandoning module CLionSourceCodeAccess (310)
[2019.03.31-20.35.01:729][471]LogModuleManager: Shutting down and abandoning module LightPropagationVolumeEditor (308)
[2019.03.31-20.35.01:729][471]LogModuleManager: Shutting down and abandoning module PaperTiledImporter (306)
[2019.03.31-20.35.01:729][471]LogModuleManager: Shutting down and abandoning module PaperSpriteSheetImporter (304)
[2019.03.31-20.35.01:729][471]LogModuleManager: Shutting down and abandoning module Paper2DEditor (302)
[2019.03.31-20.35.01:795][471]LogModuleManager: Shutting down and abandoning module MeshPaint (301)
[2019.03.31-20.35.01:807][471]LogModuleManager: Shutting down and abandoning module RuntimePhysXCooking (298)
[2019.03.31-20.35.01:807][471]LogModuleManager: Shutting down and abandoning module PhysXVehiclesEditor (296)
[2019.03.31-20.35.01:807][471]LogModuleManager: Shutting down and abandoning module PhysXVehicles (294)
[2019.03.31-20.35.01:807][471]LogModuleManager: Shutting down and abandoning module OculusEditor (292)
[2019.03.31-20.35.01:833][471]LogModuleManager: Shutting down and abandoning module LocationServicesBPLibrary (290)
[2019.03.31-20.35.01:833][471]LogModuleManager: Shutting down and abandoning module ImmediatePhysicsEditor (288)
[2019.03.31-20.35.01:833][471]LogModuleManager: Shutting down and abandoning module ImmediatePhysics (286)
[2019.03.31-20.35.01:860][471]LogModuleManager: Shutting down and abandoning module ActorSequence (284)
[2019.03.31-20.35.01:860][471]LogModuleManager: Shutting down and abandoning module UdpMessaging (282)
[2019.03.31-20.35.01:961][471]LogModuleManager: Shutting down and abandoning module TcpMessaging (280)
[2019.03.31-20.35.02:099][471]LogModuleManager: Shutting down and abandoning module MagicLeapAudio (278)
[2019.03.31-20.35.02:099][471]LogModuleManager: Shutting down and abandoning module GameplayTagsEditor (276)
[2019.03.31-20.35.02:153][471]LogModuleManager: Shutting down and abandoning module FacialAnimationEditor (274)
[2019.03.31-20.35.02:153][471]LogModuleManager: Shutting down and abandoning module FacialAnimation (272)
[2019.03.31-20.35.02:153][471]LogModuleManager: Shutting down and abandoning module DataValidation (270)
[2019.03.31-20.35.02:153][471]LogModuleManager: Shutting down and abandoning module AssetManagerEditor (268)
[2019.03.31-20.35.02:205][471]LogModuleManager: Shutting down and abandoning module LevelEditor (267)
[2019.03.31-20.35.02:252][471]LogModuleManager: Shutting down and abandoning module PixelInspectorModule (266)
[2019.03.31-20.35.02:279][471]LogModuleManager: Shutting down and abandoning module CommonMenuExtensions (264)
[2019.03.31-20.35.02:279][471]LogModuleManager: Shutting down and abandoning module MainFrame (262)
[2019.03.31-20.35.02:293][471]LogModuleManager: Shutting down and abandoning module HotReload (261)
[2019.03.31-20.35.02:346][471]LogModuleManager: Shutting down and abandoning module ContentBrowser (257)
[2019.03.31-20.35.02:347][471]LogModuleManager: Shutting down and abandoning module TreeMap (255)
[2019.03.31-20.35.02:375][471]LogModuleManager: Shutting down and abandoning module LightPropagationVolumeRuntime (252)
[2019.03.31-20.35.02:375][471]LogModuleManager: Shutting down and abandoning module AISupportModule (250)
[2019.03.31-20.35.02:375][471]LogModuleManager: Shutting down and abandoning module Paper2D (248)
[2019.03.31-20.35.02:390][471]LogModuleManager: Shutting down and abandoning module WindowsMoviePlayer (246)
[2019.03.31-20.35.02:424][471]LogModuleManager: Shutting down and abandoning module WmfMedia (244)
[2019.03.31-20.35.02:445][471]LogModuleManager: Shutting down and abandoning module Media (243)
[2019.03.31-20.35.02:451][471]LogModuleManager: Shutting down and abandoning module PacketHandler (240)
[2019.03.31-20.35.02:451][471]LogModuleManager: Shutting down and abandoning module ClothingSystemEditor (238)
[2019.03.31-20.35.02:451][471]LogModuleManager: Shutting down and abandoning module ClothingSystemRuntime (236)
[2019.03.31-20.35.02:478][471]LogModuleManager: Shutting down and abandoning module MediaAssets (234)
[2019.03.31-20.35.02:478][471]LogModuleManager: Shutting down and abandoning module Overlay (232)
[2019.03.31-20.35.02:478][471]LogModuleManager: Shutting down and abandoning module OverlayEditor (231)
[2019.03.31-20.35.02:478][471]LogModuleManager: Shutting down and abandoning module VREditor (228)
[2019.03.31-20.35.02:514][471]LogModuleManager: Shutting down and abandoning module StringTableEditor (226)
[2019.03.31-20.35.02:543][471]LogModuleManager: Shutting down and abandoning module GameplayTasksEditor (224)
[2019.03.31-20.35.02:543][471]LogModuleManager: Shutting down and abandoning module BehaviorTreeEditor (222)
[2019.03.31-20.35.02:622][471]LogModuleManager: Shutting down and abandoning module FunctionalTesting (220)
[2019.03.31-20.35.02:632][471]LogModuleManager: Shutting down and abandoning module CollisionAnalyzer (218)
[2019.03.31-20.35.02:671][471]LogModuleManager: Shutting down and abandoning module WorkspaceMenuStructure (217)
[2019.03.31-20.35.02:671][471]LogModuleManager: Shutting down and abandoning module UMG (214)
[2019.03.31-20.35.02:705][471]LogModuleManager: Shutting down and abandoning module UMGEditor (213)
[2019.03.31-20.35.02:794][471]LogModuleManager: Shutting down and abandoning module Sequencer (212)
[2019.03.31-20.35.02:925][471]LogModuleManager: Shutting down and abandoning module MessageLog (209)
[2019.03.31-20.35.02:925][471]LogModuleManager: Shutting down and abandoning module SlateReflector (204)
[2019.03.31-20.35.03:052][471]LogModuleManager: Shutting down and abandoning module Slate (202)
[2019.03.31-20.35.03:052][471]LogModuleManager: Shutting down and abandoning module EditorStyle (200)
[2019.03.31-20.35.03:054][471]LogModuleManager: Shutting down and abandoning module MRMesh (198)
[2019.03.31-20.35.03:095][471]LogModuleManager: Shutting down and abandoning module SourceCodeAccess (196)
[2019.03.31-20.35.03:095][471]LogModuleManager: Shutting down and abandoning module HeadMountedDisplay (194)
[2019.03.31-20.35.03:095][471]LogModuleManager: Shutting down and abandoning module XAudio2 (192)
[2019.03.31-20.35.03:095][471]LogModuleManager: Shutting down and abandoning module Networking (190)
[2019.03.31-20.35.03:095][471]LogModuleManager: Shutting down and abandoning module Core (188)
[2019.03.31-20.35.03:095][471]LogModuleManager: Shutting down and abandoning module LevelSequence (186)
[2019.03.31-20.35.03:095][471]LogModuleManager: Shutting down and abandoning module KismetCompiler (184)
[2019.03.31-20.35.03:095][471]LogModuleManager: Shutting down and abandoning module MeshUtilities (182)
[2019.03.31-20.35.03:282][471]LogModuleManager: Shutting down and abandoning module MeshMergeUtilities (181)
[2019.03.31-20.35.03:300][471]LogModuleManager: Shutting down and abandoning module MeshReductionInterface (180)
[2019.03.31-20.35.03:300][471]LogModuleManager: Shutting down and abandoning module SimplygonSwarm (179)
[2019.03.31-20.35.03:326][471]LogModuleManager: Shutting down and abandoning module ProxyLODMeshReduction (177)
[2019.03.31-20.35.03:365][471]LogModuleManager: Shutting down and abandoning module SimplygonMeshReduction (175)
[2019.03.31-20.35.03:365][471]LogModuleManager: Shutting down and abandoning module QuadricMeshReduction (173)
[2019.03.31-20.35.03:385][471]LogModuleManager: Shutting down and abandoning module MaterialBaking (169)
[2019.03.31-20.35.03:418][471]LogModuleManager: Shutting down and abandoning module DirectoryWatcher (165)
[2019.03.31-20.35.03:418][471]LogModuleManager: Shutting down and abandoning module DerivedDataCache (162)
[2019.03.31-20.35.03:490][471]LogDerivedDataCache: Shutdown
[2019.03.31-20.35.03:490][471]LogModuleManager: Shutting down and abandoning module XGEController (160)
[2019.03.31-20.35.03:490][471]LogXGEController: Cleaning working directory: C:/Users/arrod/AppData/Local/Temp/UnrealXGEWorkingDir/
[2019.03.31-20.35.03:517][471]LogModuleManager: Shutting down and abandoning module TargetPlatform (158)
[2019.03.31-20.35.03:517][471]LogModuleManager: Shutting down and abandoning module VulkanShaderFormat (157)
[2019.03.31-20.35.03:530][471]LogModuleManager: Shutting down and abandoning module ShaderFormatVectorVM (155)
[2019.03.31-20.35.03:558][471]LogModuleManager: Shutting down and abandoning module ShaderFormatOpenGL (153)
[2019.03.31-20.35.03:565][471]LogModuleManager: Shutting down and abandoning module ShaderFormatD3D (151)
[2019.03.31-20.35.03:565][471]LogModuleManager: Shutting down and abandoning module MetalShaderFormat (149)
[2019.03.31-20.35.03:615][471]LogModuleManager: Shutting down and abandoning module TextureFormatUncompressed (147)
[2019.03.31-20.35.03:615][471]LogModuleManager: Shutting down and abandoning module TextureFormatPVR (145)
[2019.03.31-20.35.03:615][471]LogModuleManager: Shutting down and abandoning module TextureFormatDXT (143)
[2019.03.31-20.35.03:661][471]LogModuleManager: Shutting down and abandoning module TextureFormatIntelISPCTexComp (141)
[2019.03.31-20.35.03:686][471]LogModuleManager: Shutting down and abandoning module TextureFormatASTC (139)
[2019.03.31-20.35.03:686][471]LogModuleManager: Shutting down and abandoning module ImageWrapper (138)
[2019.03.31-20.35.03:686][471]LogModuleManager: Shutting down and abandoning module TextureFormatAndroid (135)
[2019.03.31-20.35.03:686][471]LogModuleManager: Shutting down and abandoning module AudioFormatOpus (133)
[2019.03.31-20.35.03:687][471]LogModuleManager: Shutting down and abandoning module AudioFormatOgg (131)
[2019.03.31-20.35.03:687][471]LogModuleManager: Shutting down and abandoning module AudioFormatADPCM (129)
[2019.03.31-20.35.03:687][471]LogModuleManager: Shutting down and abandoning module LuminTargetPlatform (127)
[2019.03.31-20.35.03:687][471]LogModuleManager: Shutting down and abandoning module LinuxTargetPlatform (125)
[2019.03.31-20.35.03:687][471]LogModuleManager: Shutting down and abandoning module LinuxServerTargetPlatform (123)
[2019.03.31-20.35.03:687][471]LogModuleManager: Shutting down and abandoning module LinuxNoEditorTargetPlatform (121)
[2019.03.31-20.35.03:704][471]LogModuleManager: Shutting down and abandoning module LinuxClientTargetPlatform (119)
[2019.03.31-20.35.03:712][471]LogModuleManager: Shutting down and abandoning module TVOSTargetPlatform (117)
[2019.03.31-20.35.03:713][471]LogModuleManager: Shutting down and abandoning module Messaging (115)
[2019.03.31-20.35.03:713][471]LogModuleManager: Shutting down and abandoning module IOSTargetPlatform (113)
[2019.03.31-20.35.03:713][471]LogModuleManager: Shutting down and abandoning module HTML5TargetPlatform (111)
[2019.03.31-20.35.03:713][471]LogModuleManager: Shutting down and abandoning module AndroidTargetPlatform (109)
[2019.03.31-20.35.03:817][471]LogModuleManager: Shutting down and abandoning module WindowsTargetPlatform (107)
[2019.03.31-20.35.03:817][471]LogModuleManager: Shutting down and abandoning module WindowsServerTargetPlatform (105)
[2019.03.31-20.35.03:817][471]LogModuleManager: Shutting down and abandoning module WindowsNoEditorTargetPlatform (103)
[2019.03.31-20.35.03:817][471]LogModuleManager: Shutting down and abandoning module WindowsClientTargetPlatform (101)
[2019.03.31-20.35.03:817][471]LogModuleManager: Shutting down and abandoning module MacTargetPlatform (99)
[2019.03.31-20.35.03:817][471]LogModuleManager: Shutting down and abandoning module MacServerTargetPlatform (97)
[2019.03.31-20.35.03:817][471]LogModuleManager: Shutting down and abandoning module MacNoEditorTargetPlatform (95)
[2019.03.31-20.35.03:817][471]LogModuleManager: Shutting down and abandoning module MacClientTargetPlatform (93)
[2019.03.31-20.35.03:817][471]LogModuleManager: Shutting down and abandoning module AllDesktopTargetPlatform (91)
[2019.03.31-20.35.03:817][471]LogModuleManager: Shutting down and abandoning module InputCore (88)
[2019.03.31-20.35.03:817][471]LogModuleManager: Shutting down and abandoning module Settings (86)
[2019.03.31-20.35.03:817][471]LogModuleManager: Shutting down and abandoning module PhysXCooking (84)
[2019.03.31-20.35.03:817][471]LogModuleManager: Shutting down and abandoning module SteamVR (82)
[2019.03.31-20.35.03:817][471]LogModuleManager: Shutting down and abandoning module OculusHMD (80)
[2019.03.31-20.35.03:840][471]LogModuleManager: Shutting down and abandoning module ExampleDeviceProfileSelector (78)
[2019.03.31-20.35.03:840][471]LogModuleManager: Shutting down and abandoning module LauncherChunkInstaller (76)
[2019.03.31-20.35.03:841][471]LogModuleManager: Shutting down and abandoning module OnlineBlueprintSupport (74)
[2019.03.31-20.35.03:841][471]LogModuleManager: Shutting down and abandoning module OnlineSubsystem (70)
[2019.03.31-20.35.03:974][471]LogModuleManager: Shutting down and abandoning module XMPP (65)
[2019.03.31-20.35.04:053][471]LogModuleManager: Shutting down and abandoning module WebSockets (64)
[2019.03.31-20.35.04:163][471]LogModuleManager: Shutting down and abandoning module HTTP (61)
[2019.03.31-20.35.04:192][471]LogHttp: Display: Http module shutting down, but needs to wait on 1 outstanding Http requests:
[2019.03.31-20.35.04:192][471]LogHttp: Display: 	verb=[POST] url=[https://datarouter.ol.epicgames.com/datarouter/api/v1/public/data?SessionID=%7B6DB5FD8F-43D7-18C7-5EDD-BB807FE502AD%7D&AppID=UEEditor.Rocket.Release&AppVersion=4.20.1-4233996%2B%2B%2BUE4%2BRelease-4.20&UserID=ca8615ae43b70a803f143e827e05285c%7C15bf1b946ab448c6bed979686ce3cbc0%7C81808c3a-7b5b-46c0-9f98-3b24dab67e41&AppEnvironment=datacollector-binary&UploadType=eteventstream] status=Processing
[2019.03.31-20.35.04:207][471]LogModuleManager: Shutting down and abandoning module SSL (60)
[2019.03.31-20.35.04:239][471]LogModuleManager: Shutting down and abandoning module MagicLeapEmulator (56)
[2019.03.31-20.35.04:239][471]LogModuleManager: Shutting down and abandoning module MagicLeapPrivileges (54)
[2019.03.31-20.35.04:239][471]LogModuleManager: Shutting down and abandoning module MagicLeapIdentity (52)
[2019.03.31-20.35.04:239][471]LogModuleManager: Shutting down and abandoning module MagicLeapHelperVulkan (50)
[2019.03.31-20.35.04:239][471]LogModuleManager: Shutting down and abandoning module MagicLeapHelperOpenGL (48)
[2019.03.31-20.35.04:239][471]LogModuleManager: Shutting down and abandoning module MagicLeapSecureStorage (46)
[2019.03.31-20.35.04:239][471]LogModuleManager: Shutting down and abandoning module MagicLeapGestures (44)
[2019.03.31-20.35.04:239][471]LogModuleManager: Shutting down and abandoning module MagicLeapEyeTracker (42)
[2019.03.31-20.35.04:239][471]LogModuleManager: Shutting down and abandoning module MagicLeapController (40)
[2019.03.31-20.35.04:239][471]LogSlate: Slate User Destroyed.  User Index 0, Is Virtual User: 0
[2019.03.31-20.35.04:239][471]LogModuleManager: Shutting down and abandoning module MagicLeap (38)
[2019.03.31-20.35.04:239][471]LogModuleManager: Shutting down and abandoning module AnimationModifiers (36)
[2019.03.31-20.35.04:303][471]LogModuleManager: Shutting down and abandoning module PropertyEditor (35)
[2019.03.31-20.35.04:331][471]LogModuleManager: Shutting down and abandoning module AudioEditor (32)
[2019.03.31-20.35.04:428][471]LogModuleManager: Shutting down and abandoning module TextureCompressor (30)
[2019.03.31-20.35.04:490][471]LogModuleManager: Shutting down and abandoning module ShaderCore (28)
[2019.03.31-20.35.04:490][471]LogModuleManager: Shutting down and abandoning module Landscape (26)
[2019.03.31-20.35.04:490][471]LogModuleManager: Shutting down and abandoning module SlateRHIRenderer (24)
[2019.03.31-20.35.04:542][471]LogModuleManager: Shutting down and abandoning module OpenGLDrv (22)
[2019.03.31-20.35.04:594][471]LogModuleManager: Shutting down and abandoning module D3D11RHI (20)
[2019.03.31-20.35.04:594][471]LogModuleManager: Shutting down and abandoning module AnimGraphRuntime (18)
[2019.03.31-20.35.04:611][471]LogModuleManager: Shutting down and abandoning module Renderer (16)
[2019.03.31-20.35.04:611][471]LogModuleManager: Shutting down and abandoning module Engine (14)
[2019.03.31-20.35.04:611][471]LogModuleManager: Shutting down and abandoning module CoreUObject (12)
[2019.03.31-20.35.04:632][471]LogModuleManager: Shutting down and abandoning module NetworkFile (10)
[2019.03.31-20.35.04:664][471]LogModuleManager: Shutting down and abandoning module CookedIterativeFile (8)
[2019.03.31-20.35.04:664][471]LogModuleManager: Shutting down and abandoning module StreamingFile (6)
[2019.03.31-20.35.04:683][471]LogModuleManager: Shutting down and abandoning module SandboxFile (4)
[2019.03.31-20.35.04:683][471]LogModuleManager: Shutting down and abandoning module PakFile (2)
[2019.03.31-20.35.04:730][471]LogExit: Exiting.
[2019.03.31-20.35.22:384][471]Log file closed, 03/31/19 14:35:22
